# Server version 0.08 running on 192.168.2.15:8123
# Game ID: 10
# Board class: Saboteur.SaboteurBoard
# Timeout: 20000
# First Move Timeout: 30000
# Date: Fri Mar 27 18:00:38 EDT 2020
# Player 1: Player-0, 'Human', running on 192.168.2.15
# Player 2: Player-1, 'RandomPlayer', running on 192.168.2.15
START Player-0 Human
START Player-1 RandomPlayer
BoardInit:Tile:2,Tile:9,Tile:9,Bonus,Tile:10,Tile:9,Tile:11,Destroy,Map,Map,Tile:0,Tile:8,Tile:4,Tile:3,Tile:6,Tile:8,Map,Map,Bonus,Tile:9,Tile:7,Tile:7,Bonus,Malus,Tile:6,Destroy,Tile:13,Tile:1,Tile:5,Tile:14,Tile:5,Tile:5,Tile:7,Tile:12,Tile:10,Tile:0,Map,Tile:0,Tile:10,Tile:7,Tile:8-Tile:9,Map,Tile:6,Tile:7,Bonus,Tile:6,Tile:5-Tile:8,Destroy,Tile:15,Tile:0,Tile:6,Tile:8,Malus-Tile:nugget,Tile:hidden1,Tile:hidden2
Tile:7 6 5 1
Malus 0 0 0
Drop 5 0 1
Tile:9 6 6 0
Map 12 7 1
Tile:0 7 6 0
Drop 3 0 1
Destroy 7 6 0
Drop 5 0 1
Tile:8 7 6 0
Drop 1 0 1
Tile:8 8 6 0
Drop 6 0 1
Map 12 5 0
Map 12 5 1
Tile:8 9 6 0
Drop 1 0 1
Tile:6 10 6 0
Drop 3 0 1
Map 12 7 0
Drop 6 0 1
Tile:9 10 5 0
Map 12 7 1
Tile:8 10 4 0
Drop 5 0 1
Tile:15 10 3 0
Drop 0 0 1
Tile:9 7 7 0
Drop 6 0 1
Destroy 10 3 0
Drop 1 0 1
Tile:7 9 5 0
Drop 4 0 1
Tile:5 10 3 0
Drop 0 0 1
Destroy 7 7 0
Drop 4 0 1
Tile:0 11 3 0
GAMEOVER WINNER 0
# Game ended: Fri Mar 27 18:07:52 EDT 2020
